GitDiffStart: 13215a0b61e688a99101c9e13f2fe586f562a882 | Mon Jan 28 18:03:20 2013 +0000
diff --git a/lucene/core/src/test/org/apache/lucene/util/packed/TestPackedInts.java b/lucene/core/src/test/org/apache/lucene/util/packed/TestPackedInts.java
index eb8e96b..251d971 100644
--- a/lucene/core/src/test/org/apache/lucene/util/packed/TestPackedInts.java
+++ b/lucene/core/src/test/org/apache/lucene/util/packed/TestPackedInts.java
@@ -44,71 +44,6 @@ import org.junit.Ignore;
 
 import com.carrotsearch.randomizedtesting.generators.RandomInts;
 
-// nocommit: fix this:
-/*
- * [junit4:junit4] Started J0 PID(27474@beast).
-[junit4:junit4] Suite: org.apache.lucene.util.packed.TestPackedInts
-[junit4:junit4]   2> NOTE: reproduce with: ant test  -Dtestcase=TestPackedInts -Dtests.method=testAppendingLongBuffer -Dtests.seed=98C0258B7DADE29D -Dtests.slow=true -Dtests.locale=en_IE -Dtests.timezone=America/Virgin -Dtests.file.encoding=ISO-8859-1
-[junit4:junit4] FAILURE 0.40s | TestPackedInts.testAppendingLongBuffer <<<
-[junit4:junit4]    > Throwable #1: java.lang.AssertionError
-[junit4:junit4]    >  at __randomizedtesting.SeedInfo.seed([98C0258B7DADE29D:8D8BB40422DA1F3F]:0)
-[junit4:junit4]    >  at org.junit.Assert.fail(Assert.java:92)
-[junit4:junit4]    >  at org.junit.Assert.assertTrue(Assert.java:43)
-[junit4:junit4]    >  at org.junit.Assert.assertFalse(Assert.java:68)
-[junit4:junit4]    >  at org.junit.Assert.assertFalse(Assert.java:79)
-[junit4:junit4]    >  at org.apache.lucene.util.packed.TestPackedInts.testAppendingLongBuffer(TestPackedInts.java:828)
-[junit4:junit4]    >  at sun.reflect.NativeMethodAccessorImpl.invoke0(Native Method)
-[junit4:junit4]    >  at sun.reflect.NativeMethodAccessorImpl.invoke(NativeMethodAccessorImpl.java:57)
-[junit4:junit4]    >  at sun.reflect.DelegatingMethodAccessorImpl.invoke(DelegatingMethodAccessorImpl.java:43)
-[junit4:junit4]    >  at java.lang.reflect.Method.invoke(Method.java:601)
-[junit4:junit4]    >  at com.carrotsearch.randomizedtesting.RandomizedRunner.invoke(RandomizedRunner.java:1559)
-[junit4:junit4]    >  at com.carrotsearch.randomizedtesting.RandomizedRunner.access$600(RandomizedRunner.java:79)
-[junit4:junit4]    >  at com.carrotsearch.randomizedtesting.RandomizedRunner$6.evaluate(RandomizedRunner.java:737)
-[junit4:junit4]    >  at com.carrotsearch.randomizedtesting.RandomizedRunner$7.evaluate(RandomizedRunner.java:773)
-[junit4:junit4]    >  at com.carrotsearch.randomizedtesting.RandomizedRunner$8.evaluate(RandomizedRunner.java:787)
-[junit4:junit4]    >  at org.apache.lucene.util.TestRuleSetupTeardownChained$1.evaluate(TestRuleSetupTeardownChained.java:50)
-[junit4:junit4]    >  at org.apache.lucene.util.TestRuleFieldCacheSanity$1.evaluate(TestRuleFieldCacheSanity.java:51)
-[junit4:junit4]    >  at org.apache.lucene.util.AbstractBeforeAfterRule$1.evaluate(AbstractBeforeAfterRule.java:46)
-[junit4:junit4]    >  at com.carrotsearch.randomizedtesting.rules.SystemPropertiesInvariantRule$1.evaluate(SystemPropertiesInvariantRule.java:55)
-[junit4:junit4]    >  at org.apache.lucene.util.TestRuleThreadAndTestName$1.evaluate(TestRuleThreadAndTestName.java:49)
-[junit4:junit4]    >  at org.apache.lucene.util.TestRuleIgnoreAfterMaxFailures$1.evaluate(TestRuleIgnoreAfterMaxFailures.java:70)
-[junit4:junit4]    >  at org.apache.lucene.util.TestRuleMarkFailure$1.evaluate(TestRuleMarkFailure.java:48)
-[junit4:junit4]    >  at com.carrotsearch.randomizedtesting.rules.StatementAdapter.evaluate(StatementAdapter.java:36)
-[junit4:junit4]    >  at com.carrotsearch.randomizedtesting.ThreadLeakControl$StatementRunner.run(ThreadLeakControl.java:358)
-[junit4:junit4]    >  at com.carrotsearch.randomizedtesting.ThreadLeakControl.forkTimeoutingTask(ThreadLeakControl.java:782)
-[junit4:junit4]    >  at com.carrotsearch.randomizedtesting.ThreadLeakControl$3.evaluate(ThreadLeakControl.java:442)
-[junit4:junit4]    >  at com.carrotsearch.randomizedtesting.RandomizedRunner.runSingleTest(RandomizedRunner.java:746)
-[junit4:junit4]    >  at com.carrotsearch.randomizedtesting.RandomizedRunner$3.evaluate(RandomizedRunner.java:648)
-[junit4:junit4]    >  at com.carrotsearch.randomizedtesting.RandomizedRunner$4.evaluate(RandomizedRunner.java:682)
-[junit4:junit4]    >  at com.carrotsearch.randomizedtesting.RandomizedRunner$5.evaluate(RandomizedRunner.java:693)
-[junit4:junit4]    >  at org.apache.lucene.util.AbstractBeforeAfterRule$1.evaluate(AbstractBeforeAfterRule.java:46)
-[junit4:junit4]    >  at org.apache.lucene.util.TestRuleStoreClassName$1.evaluate(TestRuleStoreClassName.java:42)
-[junit4:junit4]    >  at com.carrotsearch.randomizedtesting.rules.SystemPropertiesInvariantRule$1.evaluate(SystemPropertiesInvariantRule.java:55)
-[junit4:junit4]    >  at com.carrotsearch.randomizedtesting.rules.NoShadowingOrOverridesOnMethodsRule$1.evaluate(NoShadowingOrOverridesOnMethodsRule.java:39)
-[junit4:junit4]    >  at com.carrotsearch.randomizedtesting.rules.NoShadowingOrOverridesOnMethodsRule$1.evaluate(NoShadowingOrOverridesOnMethodsRule.java:39)
-[junit4:junit4]    >  at com.carrotsearch.randomizedtesting.rules.StatementAdapter.evaluate(StatementAdapter.java:36)
-[junit4:junit4]    >  at org.apache.lucene.util.TestRuleAssertionsRequired$1.evaluate(TestRuleAssertionsRequired.java:43)
-[junit4:junit4]    >  at org.apache.lucene.util.TestRuleMarkFailure$1.evaluate(TestRuleMarkFailure.java:48)
-[junit4:junit4]    >  at org.apache.lucene.util.TestRuleIgnoreAfterMaxFailures$1.evaluate(TestRuleIgnoreAfterMaxFailures.java:70)
-[junit4:junit4]    >  at org.apache.lucene.util.TestRuleIgnoreTestSuites$1.evaluate(TestRuleIgnoreTestSuites.java:55)
-[junit4:junit4]    >  at com.carrotsearch.randomizedtesting.rules.StatementAdapter.evaluate(StatementAdapter.java:36)
-[junit4:junit4]    >  at com.carrotsearch.randomizedtesting.ThreadLeakControl$StatementRunner.run(ThreadLeakControl.java:358)
-[junit4:junit4]    >  at java.lang.Thread.run(Thread.java:722)
-[junit4:junit4]   2> NOTE: test params are: codec=Lucene42: {}, docValues:{}, sim=DefaultSimilarity, locale=en_IE, timezone=America/Virgin
-[junit4:junit4]   2> NOTE: Linux 3.2.0-24-generic amd64/Oracle Corporation 1.7.0_09 (64-bit)/cpus=8,threads=1,free=176569408,total=251723776
-[junit4:junit4]   2> NOTE: All tests run in this JVM: [TestPackedInts]
-[junit4:junit4] Completed in 0.71s, 1 test, 1 failure <<< FAILURES!
-[junit4:junit4] 
-[junit4:junit4] 
-[junit4:junit4] Tests with failures:
-[junit4:junit4]   - org.apache.lucene.util.packed.TestPackedInts.testAppendingLongBuffer
-[junit4:junit4] 
-[junit4:junit4] 
-[junit4:junit4] JVM J0:     0.70 ..     1.89 =     1.19s
-[junit4:junit4] Execution time total: 1.90 sec.
-[junit4:junit4] Tests summary: 1 suite, 1 test, 1 failure
-
- */
 @Slow
 public class TestPackedInts extends LuceneTestCase {
 

